<?xml version='1.0' encoding='UTF-8'?>
<testsuite hostname="DESKTOP-LILO2CJ" name="ExampleSpec" tests="2" errors="0" failures="0" skipped="0" time="0.044" timestamp="2021-04-27T14:08:32">
                     <properties>
[...]
</properties>
                     <testcase classname="ExampleSpec" name="A Stack should pop values in last-in-first-out order" time="0.043">
                                                 
                                               </testcase><testcase classname="ExampleSpec" name="A Stack should throw NoSuchElementException if an empty stack is popped" time="0.001">
                                                 
                                               </testcase>
                     <system-out><![CDATA[]]></system-out>
                     <system-err><![CDATA[]]></system-err>
                   </testsuite>